18:07:26 **** Incremental Build of configuration Debug for project Project3_Fan_Controller ****
make all 
Building file: ../Lm35_sensor.c
Invoking: AVR Compiler
avr-gcc -Wall -g2 -gstabs -O0 -fpack-struct -fshort-enums -ffunction-sections -fdata-sections -std=gnu99 -funsigned-char -funsigned-bitfields -mmcu=atmega32 -DF_CPU=1000000UL -MMD -MP -MF"Lm35_sensor.d" -MT"Lm35_sensor.o" -c -o "Lm35_sensor.o" "../Lm35_sensor.c"
Finished building: ../Lm35_sensor.c
 
Building file: ../adc.c
Invoking: AVR Compiler
avr-gcc -Wall -g2 -gstabs -O0 -fpack-struct -fshort-enums -ffunction-sections -fdata-sections -std=gnu99 -funsigned-char -funsigned-bitfields -mmcu=atmega32 -DF_CPU=1000000UL -MMD -MP -MF"adc.d" -MT"adc.o" -c -o "adc.o" "../adc.c"
Finished building: ../adc.c
 
Building file: ../main.c
Invoking: AVR Compiler
avr-gcc -Wall -g2 -gstabs -O0 -fpack-struct -fshort-enums -ffunction-sections -fdata-sections -std=gnu99 -funsigned-char -funsigned-bitfields -mmcu=atmega32 -DF_CPU=1000000UL -MMD -MP -MF"main.d" -MT"main.o" -c -o "main.o" "../main.c"
Finished building: ../main.c
 
Building target: Project3_Fan_Controller.elf
Invoking: AVR C Linker
avr-gcc -Wl,-Map,Project3_Fan_Controller.map -mmcu=atmega32 -o "Project3_Fan_Controller.elf"  ./Lm35_sensor.o ./adc.o ./gpio.o ./lcd.o ./main.o   
Finished building target: Project3_Fan_Controller.elf
 
Invoking: AVR Create Extended Listing
avr-objdump -h -S Project3_Fan_Controller.elf  >"Project3_Fan_Controller.lss"
Finished building: Project3_Fan_Controller.lss
 
Invoking: Print Size
avr-size --format=avr --mcu=atmega32 Project3_Fan_Controller.elf
AVR Memory Usage
----------------
Device: atmega32

Program:    8886 bytes (27.1% Full)
(.text + .data + .bootloader)

Data:        276 bytes (13.5% Full)
(.data + .bss + .noinit)


Finished building: sizedummy
 

18:07:27 Build Finished. 0 errors, 0 warnings. (took 1s.11ms)

