00:38:40 **** Incremental Build of configuration Debug for project Project3V2 ****
make all 
Building file: ../main.c
Invoking: AVR Compiler
avr-gcc -Wall -g2 -gstabs -O0 -fpack-struct -fshort-enums -ffunction-sections -fdata-sections -std=gnu99 -funsigned-char -funsigned-bitfields -mmcu=atmega32 -DF_CPU=1000000UL -MMD -MP -MF"main.d" -MT"main.o" -c -o "main.o" "../main.c"
In file included from ../main.c:11:
c:/winavr-20100110/lib/gcc/../../avr/include/util/delay.h:90:3: warning: #warning "Compiler optimizations disabled; functions from <util/delay.h> won't work as designed"
Finished building: ../main.c
 
Building target: Project3V2.elf
Invoking: AVR C Linker
avr-gcc -Wl,-Map,Project3V2.map -mmcu=atmega32 -o "Project3V2.elf"  ./Lm35_sensor.o ./adc.o ./gpio.o ./lcd.o ./main.o ./motor.o ./timer.o   
Finished building target: Project3V2.elf
 
Invoking: AVR Create Extended Listing
avr-objdump -h -S Project3V2.elf  >"Project3V2.lss"
Finished building: Project3V2.lss
 
Invoking: Print Size
avr-size --format=avr --mcu=atmega32 Project3V2.elf
AVR Memory Usage
----------------
Device: atmega32

Program:    9270 bytes (28.3% Full)
(.text + .data + .bootloader)

Data:        276 bytes (13.5% Full)
(.data + .bss + .noinit)


Finished building: sizedummy
 

00:38:41 Build Finished. 0 errors, 1 warnings. (took 558ms)

